ConsultaShopsAgregarPrecios	consultashopsagregarprecios	RUN	1466288001541	 	2.0
shop-found-prices[3]	6938372958637503583-0	USER	START	1466288002153	0
shop-found-prices[3]	6938372958637503583-1	USER	START	1466288002155	0
shop-found-prices[3]	6938372958637503583-2	USER	START	1466288002155	0
shop-found-prices[3]	6938372958637503583-3	USER	START	1466288002155	0
shop-found-prices[3]	6938372958637503583-4	USER	START	1466288002155	0
shop-found-prices[3]	6938372958637503583-5	USER	START	1466288002155	0
shop-found-prices[3]	6938372958637503583-6	USER	START	1466288002155	0
shop-found-prices[3]	6938372958637503583-7	USER	START	1466288002155	0
shop-found-prices[3]	6938372958637503583-8	USER	START	1466288002155	0
shop-found-prices[3]	6938372958637503583-9	USER	START	1466288002155	0
shop-found-prices[3]	6938372958637503583-10	USER	START	1466288002155	0
shop-found-prices[3]	6938372958637503583-10	REQUEST		shopRandom	1466288002484	1466288002485	1466288009582	1466288009582	OK	 
shop-found-prices[3]	6938372958637503583-8	REQUEST		shopRandom	1466288002481	1466288002483	1466288009583	1466288009583	OK	 
shop-found-prices[3]	6938372958637503583-1	REQUEST		shopRandom	1466288002471	1466288002472	1466288009695	1466288009695	OK	 
shop-found-prices[3]	6938372958637503583-6	REQUEST		shopRandom	1466288002478	1466288002480	1466288009582	1466288009582	OK	 
shop-found-prices[3]	6938372958637503583-3	REQUEST		shopRandom	1466288002474	1466288002476	1466288009638	1466288009638	OK	 
shop-found-prices[3]	6938372958637503583-7	REQUEST		shopRandom	1466288002480	1466288002481	1466288009719	1466288009719	OK	 
shop-found-prices[3]	6938372958637503583-0	REQUEST		shopRandom	1466288002468	1466288002470	1466288012374	1466288012374	OK	 
shop-found-prices[3]	6938372958637503583-9	REQUEST		shopRandom	1466288002483	1466288002484	1466288012373	1466288012373	OK	 
shop-found-prices[3]	6938372958637503583-5	REQUEST		shopRandom	1466288002477	1466288002478	1466288009614	1466288009614	OK	 
shop-found-prices[3]	6938372958637503583-2	REQUEST		shopRandom	1466288002472	1466288002474	1466288012373	1466288012373	OK	 
shop-found-prices[3]	6938372958637503583-4	REQUEST		shopRandom	1466288002476	1466288002477	1466288009582	1466288009582	OK	 
shop-found-prices[3]	6938372958637503583-8	REQUEST		found-prices	1466288013775	1466288013776	1466288014229	1466288014229	OK	 
shop-found-prices[3]	6938372958637503583-4	REQUEST		found-prices	1466288013765	1466288013766	1466288014208	1466288014208	OK	 
shop-found-prices[3]	6938372958637503583-3	REQUEST		found-prices	1466288013772	1466288013773	1466288014132	1466288014132	OK	 
shop-found-prices[3]	6938372958637503583-10	REQUEST		found-prices	1466288013777	1466288013777	1466288014229	1466288014229	OK	 
shop-found-prices[3]	6938372958637503583-1	REQUEST		found-prices	1466288013778	1466288013779	1466288014229	1466288014229	OK	 
shop-found-prices[3]	6938372958637503583-9	REQUEST		found-prices	1466288013770	1466288013771	1466288014183	1466288014183	OK	 
shop-found-prices[3]	6938372958637503583-6	REQUEST		found-prices	1466288013774	1466288013775	1466288014190	1466288014190	OK	 
shop-found-prices[3]	6938372958637503583-5	REQUEST		found-prices	1466288013767	1466288013768	1466288014161	1466288014161	OK	 
shop-found-prices[3]	6938372958637503583-0	REQUEST		found-prices	1466288013769	1466288013770	1466288014112	1466288014112	OK	 
shop-found-prices[3]	6938372958637503583-2	REQUEST		found-prices	1466288013763	1466288013764	1466288014136	1466288014136	OK	 
shop-found-prices[3]	6938372958637503583-7	REQUEST		found-prices	1466288013761	1466288013762	1466288014129	1466288014129	OK	 
shop-found-prices[3]	6938372958637503583-3	REQUEST		found-prices	1466288014254	1466288014257	1466288014292	1466288014292	OK	 
shop-found-prices[3]	6938372958637503583-5	REQUEST		found-prices	1466288014270	1466288014272	1466288014341	1466288014341	OK	 
shop-found-prices[3]	6938372958637503583-8	REQUEST		found-prices	1466288014253	1466288014262	1466288014354	1466288014354	OK	 
shop-found-prices[3]	6938372958637503583-7	REQUEST		found-prices	1466288014273	1466288014274	1466288014360	1466288014360	OK	 
shop-found-prices[3]	6938372958637503583-3	REQUEST		found-prices	1466288014293	1466288014294	1466288014377	1466288014377	OK	 
shop-found-prices[3]	6938372958637503583-4	REQUEST		found-prices	1466288014259	1466288014264	1466288014400	1466288014400	OK	 
shop-found-prices[3]	6938372958637503583-4	REQUEST		found-prices	1466288014402	1466288014402	1466288014409	1466288014409	OK	 
shop-found-prices[3]	6938372958637503583-8	REQUEST		found-prices	1466288014356	1466288014357	1466288014425	1466288014425	OK	 
shop-found-prices[3]	6938372958637503583-5	REQUEST		found-prices	1466288014342	1466288014343	1466288014453	1466288014453	OK	 
shop-found-prices[3]	6938372958637503583-1	REQUEST		found-prices	1466288014266	1466288014268	1466288014462	1466288014462	OK	 
shop-found-prices[3]	6938372958637503583-7	REQUEST		found-prices	1466288014361	1466288014362	1466288014478	1466288014478	OK	 
shop-found-prices[3]	6938372958637503583-6	REQUEST		found-prices	1466288014268	1466288014269	1466288014485	1466288014485	OK	 
shop-found-prices[3]	6938372958637503583-1	REQUEST		found-prices	1466288014464	1466288014465	1466288014490	1466288014490	OK	 
shop-found-prices[3]	6938372958637503583-6	REQUEST		found-prices	1466288014488	1466288014490	1466288014494	1466288014494	OK	 
shop-found-prices[3]	6938372958637503583-10	REQUEST		found-prices	1466288014265	1466288014265	1466288014513	1466288014513	OK	 
shop-found-prices[3]	6938372958637503583-10	REQUEST		found-prices	1466288014516	1466288014516	1466288014523	1466288014523	OK	 
shop-found-prices[3]	6938372958637503583-0	REQUEST		found-prices	1466288014763	1466288014764	1466288014773	1466288014773	OK	 
shop-found-prices[3]	6938372958637503583-2	REQUEST		found-prices	1466288014782	1466288014782	1466288014786	1466288014786	OK	 
shop-found-prices[3]	6938372958637503583-9	REQUEST		found-prices	1466288014833	1466288014834	1466288014969	1466288014969	OK	 
shop-found-prices[3]	6938372958637503583-3	USER	END	1466288002155	1466288016238
shop-found-prices[3]	6938372958637503583-4	USER	END	1466288002155	1466288016239
shop-found-prices[3]	6938372958637503583-5	USER	END	1466288002155	1466288016252
shop-found-prices[3]	6938372958637503583-8	USER	END	1466288002155	1466288016253
shop-found-prices[3]	6938372958637503583-6	USER	END	1466288002155	1466288016282
shop-found-prices[3]	6938372958637503583-7	USER	END	1466288002155	1466288016342
shop-found-prices[3]	6938372958637503583-10	USER	END	1466288002155	1466288016351
shop-found-prices[3]	6938372958637503583-1	USER	END	1466288002155	1466288016431
shop-found-prices[3]	6938372958637503583-2	REQUEST		found-prices	1466288016792	1466288016792	1466288016848	1466288016848	OK	 
shop-found-prices[3]	6938372958637503583-0	REQUEST		found-prices	1466288016772	1466288016772	1466288016936	1466288016936	OK	 
shop-found-prices[3]	6938372958637503583-9	REQUEST		found-prices	1466288016973	1466288016973	1466288016976	1466288016976	OK	 
shop-found-prices[3]	6938372958637503583-2	USER	END	1466288002155	1466288018841
shop-found-prices[3]	6938372958637503583-0	USER	END	1466288002153	1466288018942
shop-found-prices[3]	6938372958637503583-9	USER	END	1466288002155	1466288018971
shop-found-prices[3]	6938372958637503583-11	USER	START	1466288032171	0
shop-found-prices[3]	6938372958637503583-11	REQUEST		shopRandom	1466288032172	1466288032174	1466288033111	1466288033111	OK	 
shop-found-prices[3]	6938372958637503583-11	REQUEST		found-prices	1466288033118	1466288033118	1466288033162	1466288033162	OK	 
shop-found-prices[3]	6938372958637503583-11	REQUEST		found-prices	1466288035182	1466288035183	1466288035325	1466288035325	OK	 
shop-found-prices[3]	6938372958637503583-11	REQUEST		found-prices	1466288037324	1466288037324	1466288037344	1466288037344	OK	 
shop-found-prices[3]	6938372958637503583-11	USER	END	1466288032171	1466288039351
shop-found-prices[3]	6938372958637503583-12	USER	START	1466288062170	0
shop-found-prices[3]	6938372958637503583-12	REQUEST		shopRandom	1466288062171	1466288062320	1466288062534	1466288062534	OK	 
shop-found-prices[3]	6938372958637503583-12	REQUEST		found-prices	1466288062536	1466288062537	1466288062541	1466288062541	OK	 
shop-found-prices[3]	6938372958637503583-12	REQUEST		found-prices	1466288064562	1466288064563	1466288064672	1466288064672	OK	 
shop-found-prices[3]	6938372958637503583-12	REQUEST		found-prices	1466288066671	1466288066672	1466288067176	1466288067176	OK	 
shop-found-prices[3]	6938372958637503583-12	USER	END	1466288062170	1466288069171
shop-found-prices[3]	6938372958637503583-13	USER	START	1466288092171	0
shop-found-prices[3]	6938372958637503583-13	REQUEST		shopRandom	1466288092173	1466288092176	1466288092325	1466288092325	OK	 
shop-found-prices[3]	6938372958637503583-13	REQUEST		found-prices	1466288092327	1466288092328	1466288092340	1466288092340	OK	 
shop-found-prices[3]	6938372958637503583-13	REQUEST		found-prices	1466288094363	1466288094364	1466288094712	1466288094712	OK	 
shop-found-prices[3]	6938372958637503583-13	REQUEST		found-prices	1466288096711	1466288096712	1466288096771	1466288096771	OK	 
shop-found-prices[3]	6938372958637503583-13	USER	END	1466288092171	1466288098782
shop-found-prices[3]	6938372958637503583-14	USER	START	1466288122171	0
shop-found-prices[3]	6938372958637503583-14	REQUEST		shopRandom	1466288122172	1466288122721	1466288122961	1466288122961	OK	 
shop-found-prices[3]	6938372958637503583-14	REQUEST		found-prices	1466288122964	1466288122965	1466288122972	1466288122972	OK	 
shop-found-prices[3]	6938372958637503583-14	REQUEST		found-prices	1466288124991	1466288124992	1466288125072	1466288125072	OK	 
shop-found-prices[3]	6938372958637503583-14	REQUEST		found-prices	1466288127072	1466288127072	1466288127248	1466288127248	OK	 
shop-found-prices[3]	6938372958637503583-14	USER	END	1466288122171	1466288129252
shop-found-prices[3]	6938372958637503583-15	USER	START	1466288152171	0
shop-found-prices[3]	6938372958637503583-15	REQUEST		shopRandom	1466288152172	1466288152173	1466288152845	1466288152845	OK	 
shop-found-prices[3]	6938372958637503583-15	REQUEST		found-prices	1466288152848	1466288152849	1466288153021	1466288153021	OK	 
shop-found-prices[3]	6938372958637503583-15	REQUEST		found-prices	1466288155044	1466288155045	1466288155165	1466288155165	OK	 
shop-found-prices[3]	6938372958637503583-15	REQUEST		found-prices	1466288157162	1466288157162	1466288157888	1466288157888	OK	 
shop-found-prices[3]	6938372958637503583-15	USER	END	1466288152171	1466288159892
shop-found-prices[3]	6938372958637503583-16	USER	START	1466288182171	0
shop-found-prices[3]	6938372958637503583-16	REQUEST		shopRandom	1466288182172	1466288182215	1466288182980	1466288182980	OK	 
shop-found-prices[3]	6938372958637503583-16	REQUEST		found-prices	1466288182985	1466288182986	1466288183029	1466288183029	OK	 
shop-found-prices[3]	6938372958637503583-16	REQUEST		found-prices	1466288185045	1466288185045	1466288185125	1466288185125	OK	 
shop-found-prices[3]	6938372958637503583-16	REQUEST		found-prices	1466288187132	1466288187133	1466288187142	1466288187142	OK	 
shop-found-prices[3]	6938372958637503583-16	USER	END	1466288182171	1466288189142
shop-found-prices[3]	6938372958637503583-17	USER	START	1466288212171	0
shop-found-prices[3]	6938372958637503583-17	REQUEST		shopRandom	1466288212172	1466288212175	1466288218156	1466288218156	OK	 
shop-found-prices[3]	6938372958637503583-17	REQUEST		found-prices	1466288218159	1466288218160	1466288218437	1466288218437	OK	 
shop-found-prices[3]	6938372958637503583-17	REQUEST		found-prices	1466288220452	1466288220453	1466288220612	1466288220613	OK	 
shop-found-prices[3]	6938372958637503583-17	REQUEST		found-prices	1466288222622	1466288222622	1466288222704	1466288222704	OK	 
shop-found-prices[3]	6938372958637503583-17	USER	END	1466288212171	1466288224702
shop-found-prices[3]	6938372958637503583-18	USER	START	1466288242171	0
shop-found-prices[3]	6938372958637503583-18	REQUEST		shopRandom	1466288242172	1466288242174	1466288242472	1466288242472	OK	 
shop-found-prices[3]	6938372958637503583-18	REQUEST		found-prices	1466288242474	1466288242474	1466288242496	1466288242496	OK	 
shop-found-prices[3]	6938372958637503583-18	REQUEST		found-prices	1466288244514	1466288244515	1466288244598	1466288244598	OK	 
shop-found-prices[3]	6938372958637503583-18	REQUEST		found-prices	1466288246603	1466288246604	1466288246660	1466288246660	OK	 
shop-found-prices[3]	6938372958637503583-18	USER	END	1466288242171	1466288248671
shop-found-prices[3]	6938372958637503583-19	USER	START	1466288272171	0
shop-found-prices[3]	6938372958637503583-19	REQUEST		shopRandom	1466288272173	1466288272176	1466288272468	1466288272468	OK	 
shop-found-prices[3]	6938372958637503583-19	REQUEST		found-prices	1466288272472	1466288272473	1466288272487	1466288272488	OK	 
shop-found-prices[3]	6938372958637503583-19	REQUEST		found-prices	1466288274503	1466288274504	1466288274611	1466288274611	OK	 
shop-found-prices[3]	6938372958637503583-19	REQUEST		found-prices	1466288276623	1466288276624	1466288276648	1466288276648	OK	 
shop-found-prices[3]	6938372958637503583-19	USER	END	1466288272171	1466288278641
